c:\users\alienware\documents\visual studio 2013\projects\primwin32\primwin32\debug\primwin32.pch
c:\users\alienware\documents\visual studio 2013\projects\primwin32\primwin32\debug\vc120.pdb
c:\users\alienware\documents\visual studio 2013\projects\primwin32\primwin32\debug\vc120.idb
c:\users\alienware\documents\visual studio 2013\projects\primwin32\primwin32\debug\stdafx.obj
c:\users\alienware\documents\visual studio 2013\projects\primwin32\primwin32\debug\pngtobitmap.obj
c:\users\alienware\documents\visual studio 2013\projects\primwin32\primwin32\debug\primwin32.obj
c:\users\alienware\documents\visual studio 2013\projects\primwin32\primwin32\debug\roundbutton.obj
c:\users\alienware\documents\visual studio 2013\projects\primwin32\primwin32\debug\primwin32.res
c:\users\alienware\documents\visual studio 2013\projects\primwin32\debug\primwin32.pdb
c:\users\alienware\documents\visual studio 2013\projects\primwin32\primwin32\debug\primwin32.tlog\cl.command.1.tlog
c:\users\alienware\documents\visual studio 2013\projects\primwin32\primwin32\debug\primwin32.tlog\cl.read.1.tlog
c:\users\alienware\documents\visual studio 2013\projects\primwin32\primwin32\debug\primwin32.tlog\cl.write.1.tlog
c:\users\alienware\documents\visual studio 2013\projects\primwin32\primwin32\debug\primwin32.tlog\link-cvtres.read.1.tlog
c:\users\alienware\documents\visual studio 2013\projects\primwin32\primwin32\debug\primwin32.tlog\link-cvtres.write.1.tlog
c:\users\alienware\documents\visual studio 2013\projects\primwin32\primwin32\debug\primwin32.tlog\link-rc.read.1.tlog
c:\users\alienware\documents\visual studio 2013\projects\primwin32\primwin32\debug\primwin32.tlog\link-rc.write.1.tlog
c:\users\alienware\documents\visual studio 2013\projects\primwin32\primwin32\debug\primwin32.tlog\link.command.1.tlog
c:\users\alienware\documents\visual studio 2013\projects\primwin32\primwin32\debug\primwin32.tlog\link.read.1.tlog
c:\users\alienware\documents\visual studio 2013\projects\primwin32\primwin32\debug\primwin32.tlog\link.write.1.tlog
c:\users\alienware\documents\visual studio 2013\projects\primwin32\primwin32\debug\primwin32.tlog\rc.command.1.tlog
c:\users\alienware\documents\visual studio 2013\projects\primwin32\primwin32\debug\primwin32.tlog\rc.read.1.tlog
c:\users\alienware\documents\visual studio 2013\projects\primwin32\primwin32\debug\primwin32.tlog\rc.write.1.tlog
